{"pid":12770, "timestamp":"2023/Sep/29 20:01:57", "status":404, "latency":"     70.686µs", "method":"POST", "path":"/activity-groups"}
{"pid":12770, "timestamp":"2023/Sep/29 20:02:34", "status":404, "latency":"     57.467µs", "method":"POST", "path":"/activity-groups"}
{"pid":12770, "timestamp":"2023/Sep/29 20:03:56", "status":404, "latency":"      9.378µs", "method":"POST", "path":"/activity-groups"}
{"pid":12770, "timestamp":"2023/Sep/29 20:23:38", "status":404, "latency":"     11.304µs", "method":"POST", "path":"/activity-groups"}
{"pid":12770, "timestamp":"2023/Sep/29 20:23:58", "status":404, "latency":"     11.284µs", "method":"POST", "path":"/activity-groups"}
{"pid":14974, "timestamp":"2023/Sep/29 20:27:41", "status":404, "latency":"     20.403µs", "method":"GET", "path":"/health"}
{"pid":14974, "timestamp":"2023/Sep/29 20:27:44", "status":404, "latency":"     10.103µs", "method":"GET", "path":"/health"}
{"pid":14974, "timestamp":"2023/Sep/29 20:29:48", "status":404, "latency":"      15.88µs", "method":"GET", "path":"/health"}
{"pid":15531, "timestamp":"2023/Sep/29 20:31:34", "status":200, "latency":"    179.604µs", "method":"GET", "path":"/health"}
{"pid":15531, "timestamp":"2023/Sep/29 20:31:59", "status":404, "latency":"     28.658µs", "method":"POST", "path":"/activity-groups"}
{"pid":15667, "timestamp":"2023/Sep/29 20:32:24", "status":400, "latency":"  17.623088ms", "method":"POST", "path":"/activity-groups"}
{"pid":82080, "timestamp":"2023/Sep/29 20:47:29", "status":404, "latency":"      49.98µs", "method":"POST", "path":"/"}
{"pid":82080, "timestamp":"2023/Sep/29 20:47:54", "status":400, "latency":"  99.342557ms", "method":"POST", "path":"/activity-groups"}
{"pid":8043, "timestamp":"2023/Sep/30 07:16:20", "status":404, "latency":"     28.321µs", "method":"POST", "path":"/activity-groups"}
{"pid":8043, "timestamp":"2023/Sep/30 07:16:28", "status":404, "latency":"     22.593µs", "method":"GET", "path":"/health"}
{"pid":8043, "timestamp":"2023/Sep/30 07:16:36", "status":404, "latency":"       9.24µs", "method":"GET", "path":"/health"}
{"pid":9063, "timestamp":"2023/Sep/30 07:18:41", "status":200, "latency":"    168.192µs", "method":"GET", "path":"/health"}
{"pid":9063, "timestamp":"2023/Sep/30 07:18:45", "status":400, "latency":"   3.661866ms", "method":"POST", "path":"/activity-groups"}
{"pid":10441, "timestamp":"2023/Sep/30 07:31:08", "status":400, "latency":"   3.722721ms", "method":"POST", "path":"/activity-groups"}
{"pid":10593, "timestamp":"2023/Sep/30 07:32:03", "status":400, "latency":"   3.536322ms", "method":"POST", "path":"/activity-groups"}
{"pid":10818, "timestamp":"2023/Sep/30 07:33:40", "status":400, "latency":"   7.000176ms", "method":"POST", "path":"/activity-groups"}
{"pid":10818, "timestamp":"2023/Sep/30 07:33:52", "status":400, "latency":"   4.063206ms", "method":"POST", "path":"/activity-groups"}
{"pid":10906, "timestamp":"2023/Sep/30 07:34:16", "status":400, "latency":"   3.997553ms", "method":"POST", "path":"/activity-groups"}
{"pid":11185, "timestamp":"2023/Sep/30 07:36:01", "status":400, "latency":"   6.581949ms", "method":"POST", "path":"/activity-groups"}
{"pid":11561, "timestamp":"2023/Sep/30 07:38:12", "status":400, "latency":"   4.735989ms", "method":"POST", "path":"/activity-groups"}
{"pid":12521, "timestamp":"2023/Sep/30 07:45:10", "status":400, "latency":"   5.705302ms", "method":"POST", "path":"/activity-groups"}
{"pid":14468, "timestamp":"2023/Sep/30 07:59:50", "status":400, "latency":"   4.283228ms", "method":"POST", "path":"/activity-groups"}
{"pid":14556, "timestamp":"2023/Sep/30 08:00:31", "status":200, "latency":"   8.803744ms", "method":"POST", "path":"/activity-groups"}
{"pid":14810, "timestamp":"2023/Sep/30 08:01:57", "status":200, "latency":"   15.42791ms", "method":"POST", "path":"/activity-groups"}
{"pid":17354, "timestamp":"2023/Sep/30 08:20:17", "status":200, "latency":"  20.861011ms", "method":"PATCH", "path":"/activity-groups/4"}
{"pid":17354, "timestamp":"2023/Sep/30 08:29:37", "status":405, "latency":"     54.991µs", "method":"DELETE", "path":"/activity-groups/4"}
{"pid":17354, "timestamp":"2023/Sep/30 08:29:39", "status":405, "latency":"     15.798µs", "method":"DELETE", "path":"/activity-groups/4"}
{"pid":17354, "timestamp":"2023/Sep/30 08:30:36", "status":405, "latency":"      11.35µs", "method":"DELETE", "path":"/activity-groups/4"}
{"pid":17354, "timestamp":"2023/Sep/30 08:31:11", "status":200, "latency":"  10.991069ms", "method":"PATCH", "path":"/activity-groups/4"}
{"pid":19671, "timestamp":"2023/Sep/30 08:32:00", "status":200, "latency":"   6.330983ms", "method":"DELETE", "path":"/activity-groups/4"}
{"pid":19671, "timestamp":"2023/Sep/30 08:32:09", "status":200, "latency":"  12.855094ms", "method":"POST", "path":"/activity-groups"}
{"pid":20664, "timestamp":"2023/Sep/30 08:36:27", "status":400, "latency":"   2.615234ms", "method":"GET", "path":"/activity-groups/4"}
{"pid":20664, "timestamp":"2023/Sep/30 08:36:37", "status":200, "latency":"   3.400661ms", "method":"GET", "path":"/activity-groups/5"}
{"pid":22132, "timestamp":"2023/Sep/30 08:41:43", "status":200, "latency":"   5.253847ms", "method":"GET", "path":"/activity-groups"}
{"pid":28984, "timestamp":"2023/Sep/30 09:26:49", "status":200, "latency":"  11.925067ms", "method":"POST", "path":"/activity-groups"}
{"pid":28984, "timestamp":"2023/Sep/30 09:32:28", "status":404, "latency":"     26.836µs", "method":"GET", "path":"/todo-items"}
{"pid":29664, "timestamp":"2023/Sep/30 09:33:04", "status":405, "latency":"      18.03µs", "method":"GET", "path":"/todo-items"}
{"pid":29827, "timestamp":"2023/Sep/30 09:33:27", "status":405, "latency":"     20.787µs", "method":"GET", "path":"/todo-items"}
{"pid":29827, "timestamp":"2023/Sep/30 09:33:29", "status":405, "latency":"     10.902µs", "method":"GET", "path":"/todo-items"}
{"pid":29827, "timestamp":"2023/Sep/30 09:33:30", "status":405, "latency":"     10.727µs", "method":"GET", "path":"/todo-items"}
{"pid":30053, "timestamp":"2023/Sep/30 09:35:23", "status":400, "latency":"   14.43672ms", "method":"POST", "path":"/todo-items"}
{"pid":30241, "timestamp":"2023/Sep/30 09:36:26", "status":400, "latency":"   2.533628ms", "method":"POST", "path":"/todo-items"}
{"pid":30316, "timestamp":"2023/Sep/30 09:36:48", "status":400, "latency":"   2.123569ms", "method":"POST", "path":"/todo-items"}
{"pid":30393, "timestamp":"2023/Sep/30 09:37:01", "status":200, "latency":"   7.459172ms", "method":"POST", "path":"/todo-items"}
{"pid":33037, "timestamp":"2023/Sep/30 09:57:04", "status":200, "latency":"   8.765624ms", "method":"PATCH", "path":"/todo-items/1"}
{"pid":33037, "timestamp":"2023/Sep/30 09:57:15", "status":200, "latency":"  16.041942ms", "method":"PATCH", "path":"/todo-items/1"}
{"pid":33037, "timestamp":"2023/Sep/30 09:57:32", "status":200, "latency":"   9.764279ms", "method":"POST", "path":"/todo-items"}
{"pid":33037, "timestamp":"2023/Sep/30 09:57:35", "status":200, "latency":"  20.205848ms", "method":"POST", "path":"/todo-items"}
{"pid":33037, "timestamp":"2023/Sep/30 09:57:46", "status":200, "latency":"   9.197291ms", "method":"PATCH", "path":"/todo-items/1"}
{"pid":34398, "timestamp":"2023/Sep/30 10:08:10", "status":200, "latency":"    9.49027ms", "method":"DELETE", "path":"/todo-items/4"}
{"pid":34398, "timestamp":"2023/Sep/30 10:08:34", "status":200, "latency":"  11.264081ms", "method":"PATCH", "path":"/todo-items/3"}
{"pid":35589, "timestamp":"2023/Sep/30 10:16:34", "status":405, "latency":"      35.44µs", "method":"GET", "path":"/todo-items/1"}
{"pid":35589, "timestamp":"2023/Sep/30 10:21:42", "status":400, "latency":"    261.586µs", "method":"GET", "path":"/todo-items"}
{"pid":36387, "timestamp":"2023/Sep/30 10:22:42", "status":200, "latency":"    2.89461ms", "method":"GET", "path":"/todo-items"}
{"pid":36491, "timestamp":"2023/Sep/30 10:23:03", "status":200, "latency":"   2.402798ms", "method":"GET", "path":"/todo-items"}
{"pid":37026, "timestamp":"2023/Sep/30 10:25:09", "status":200, "latency":"   4.448772ms", "method":"GET", "path":"/todo-items/3"}
{"pid":37026, "timestamp":"2023/Sep/30 10:25:13", "status":200, "latency":"   2.506325ms", "method":"GET", "path":"/todo-items/2"}
{"pid":22281, "timestamp":"2023/Oct/13 11:02:18", "status":400, "latency":"    355.471µs", "method":"POST", "path":"/activity-groups"}
{"pid":22281, "timestamp":"2023/Oct/13 11:02:34", "status":200, "latency":"   16.09527ms", "method":"POST", "path":"/activity-groups"}
{"pid":22281, "timestamp":"2023/Oct/13 11:09:53", "status":500, "latency":"   6.327043ms", "method":"PATCH", "path":"/activity-groups/5"}
{"pid":22281, "timestamp":"2023/Oct/13 11:13:04", "status":200, "latency":"   8.560499ms", "method":"POST", "path":"/activity-groups"}
{"pid":22281, "timestamp":"2023/Oct/13 11:13:04", "status":400, "latency":"    134.641µs", "method":"POST", "path":"/activity-groups"}
{"pid":22281, "timestamp":"2023/Oct/13 11:13:04", "status":200, "latency":"   7.355423ms", "method":"PATCH", "path":"/activity-groups/2"}
{"pid":22281, "timestamp":"2023/Oct/13 11:13:04", "status":500, "latency":"   5.611631ms", "method":"PATCH", "path":"/activity-groups/999999999"}
{"pid":22281, "timestamp":"2023/Oct/13 11:13:04", "status":200, "latency":"   7.339717ms", "method":"GET", "path":"/activity-groups/2"}
{"pid":22281, "timestamp":"2023/Oct/13 11:13:04", "status":500, "latency":"   2.881247ms", "method":"GET", "path":"/activity-groups/999999999"}
{"pid":22281, "timestamp":"2023/Oct/13 11:13:04", "status":200, "latency":"   1.673173ms", "method":"GET", "path":"/activity-groups"}
{"pid":22281, "timestamp":"2023/Oct/13 11:13:04", "status":200, "latency":"  28.057859ms", "method":"POST", "path":"/todo-items"}
{"pid":22281, "timestamp":"2023/Oct/13 11:13:04", "status":200, "latency":"  36.129811ms", "method":"POST", "path":"/todo-items"}
{"pid":22281, "timestamp":"2023/Oct/13 11:13:04", "status":200, "latency":"   6.753848ms", "method":"POST", "path":"/todo-items"}
{"pid":22281, "timestamp":"2023/Oct/13 11:13:04", "status":200, "latency":"   7.979799ms", "method":"PATCH", "path":"/todo-items/1"}
{"pid":22281, "timestamp":"2023/Oct/13 11:13:04", "status":200, "latency":"   6.434633ms", "method":"PATCH", "path":"/todo-items/1"}
{"pid":22281, "timestamp":"2023/Oct/13 11:13:04", "status":500, "latency":"   4.016787ms", "method":"PATCH", "path":"/todo-items/999999999"}
{"pid":22281, "timestamp":"2023/Oct/13 11:13:04", "status":200, "latency":"   3.383142ms", "method":"GET", "path":"/todo-items/1"}
{"pid":22281, "timestamp":"2023/Oct/13 11:13:04", "status":500, "latency":"   2.561463ms", "method":"GET", "path":"/todo-items/999999999"}
{"pid":22281, "timestamp":"2023/Oct/13 11:13:04", "status":200, "latency":"   1.620894ms", "method":"GET", "path":"/todo-items"}
{"pid":22281, "timestamp":"2023/Oct/13 11:13:04", "status":200, "latency":"    1.31265ms", "method":"GET", "path":"/todo-items"}
{"pid":22281, "timestamp":"2023/Oct/13 11:13:04", "status":200, "latency":"    4.16829ms", "method":"DELETE", "path":"/todo-items/1"}
{"pid":22281, "timestamp":"2023/Oct/13 11:13:04", "status":200, "latency":"   1.474277ms", "method":"DELETE", "path":"/todo-items/999999999"}
{"pid":22281, "timestamp":"2023/Oct/13 11:13:04", "status":200, "latency":"   3.328132ms", "method":"DELETE", "path":"/activity-groups/2"}
{"pid":22281, "timestamp":"2023/Oct/13 11:13:04", "status":200, "latency":"    1.63639ms", "method":"DELETE", "path":"/activity-groups/999999999"}
{"pid":24383, "timestamp":"2023/Oct/13 11:14:12", "status":200, "latency":"   6.979165ms", "method":"POST", "path":"/activity-groups"}
{"pid":24383, "timestamp":"2023/Oct/13 11:14:12", "status":400, "latency":"    178.191µs", "method":"POST", "path":"/activity-groups"}
{"pid":24383, "timestamp":"2023/Oct/13 11:14:12", "status":201, "latency":"   6.051137ms", "method":"PATCH", "path":"/activity-groups/3"}
{"pid":24383, "timestamp":"2023/Oct/13 11:14:12", "status":500, "latency":"   4.473776ms", "method":"PATCH", "path":"/activity-groups/999999999"}
{"pid":24383, "timestamp":"2023/Oct/13 11:14:12", "status":200, "latency":"   2.761505ms", "method":"GET", "path":"/activity-groups/3"}
{"pid":24383, "timestamp":"2023/Oct/13 11:14:12", "status":500, "latency":"   2.901932ms", "method":"GET", "path":"/activity-groups/999999999"}
{"pid":24383, "timestamp":"2023/Oct/13 11:14:12", "status":200, "latency":"   1.395244ms", "method":"GET", "path":"/activity-groups"}
{"pid":24383, "timestamp":"2023/Oct/13 11:14:12", "status":201, "latency":"   7.698286ms", "method":"POST", "path":"/todo-items"}
{"pid":24383, "timestamp":"2023/Oct/13 11:14:12", "status":201, "latency":"   7.473292ms", "method":"POST", "path":"/todo-items"}
{"pid":24383, "timestamp":"2023/Oct/13 11:14:12", "status":201, "latency":"   7.528476ms", "method":"POST", "path":"/todo-items"}
{"pid":24383, "timestamp":"2023/Oct/13 11:14:12", "status":200, "latency":"    6.47721ms", "method":"PATCH", "path":"/todo-items/4"}
{"pid":24383, "timestamp":"2023/Oct/13 11:14:12", "status":200, "latency":"   6.806452ms", "method":"PATCH", "path":"/todo-items/4"}
{"pid":24383, "timestamp":"2023/Oct/13 11:14:12", "status":500, "latency":"   4.517477ms", "method":"PATCH", "path":"/todo-items/999999999"}
{"pid":24383, "timestamp":"2023/Oct/13 11:14:12", "status":200, "latency":"   2.468704ms", "method":"GET", "path":"/todo-items/4"}
{"pid":24383, "timestamp":"2023/Oct/13 11:14:12", "status":500, "latency":"   2.583564ms", "method":"GET", "path":"/todo-items/999999999"}
{"pid":24383, "timestamp":"2023/Oct/13 11:14:12", "status":200, "latency":"   2.480447ms", "method":"GET", "path":"/todo-items"}
{"pid":24383, "timestamp":"2023/Oct/13 11:14:12", "status":200, "latency":"   1.272367ms", "method":"GET", "path":"/todo-items"}
{"pid":24383, "timestamp":"2023/Oct/13 11:14:12", "status":200, "latency":"   3.047488ms", "method":"DELETE", "path":"/todo-items/4"}
{"pid":24383, "timestamp":"2023/Oct/13 11:14:12", "status":200, "latency":"   1.453801ms", "method":"DELETE", "path":"/todo-items/999999999"}
{"pid":24383, "timestamp":"2023/Oct/13 11:14:12", "status":200, "latency":"   3.094012ms", "method":"DELETE", "path":"/activity-groups/3"}
{"pid":24383, "timestamp":"2023/Oct/13 11:14:12", "status":200, "latency":"   1.415998ms", "method":"DELETE", "path":"/activity-groups/999999999"}
{"pid":24383, "timestamp":"2023/Oct/13 11:14:48", "status":200, "latency":"   7.787185ms", "method":"POST", "path":"/activity-groups"}
{"pid":24383, "timestamp":"2023/Oct/13 11:14:48", "status":400, "latency":"    146.836µs", "method":"POST", "path":"/activity-groups"}
{"pid":24383, "timestamp":"2023/Oct/13 11:14:48", "status":201, "latency":"   6.626497ms", "method":"PATCH", "path":"/activity-groups/4"}
{"pid":24383, "timestamp":"2023/Oct/13 11:14:48", "status":500, "latency":"   4.564573ms", "method":"PATCH", "path":"/activity-groups/999999999"}
{"pid":24383, "timestamp":"2023/Oct/13 11:14:48", "status":200, "latency":"   3.084966ms", "method":"GET", "path":"/activity-groups/4"}
{"pid":24383, "timestamp":"2023/Oct/13 11:14:48", "status":500, "latency":"   2.460835ms", "method":"GET", "path":"/activity-groups/999999999"}
{"pid":24383, "timestamp":"2023/Oct/13 11:14:48", "status":200, "latency":"   1.414876ms", "method":"GET", "path":"/activity-groups"}
{"pid":24383, "timestamp":"2023/Oct/13 11:14:48", "status":201, "latency":"   6.951914ms", "method":"POST", "path":"/todo-items"}
{"pid":24383, "timestamp":"2023/Oct/13 11:14:48", "status":201, "latency":"   9.139535ms", "method":"POST", "path":"/todo-items"}
{"pid":24383, "timestamp":"2023/Oct/13 11:14:48", "status":201, "latency":"   7.717133ms", "method":"POST", "path":"/todo-items"}
{"pid":24383, "timestamp":"2023/Oct/13 11:14:48", "status":200, "latency":"   9.009579ms", "method":"PATCH", "path":"/todo-items/7"}
{"pid":24383, "timestamp":"2023/Oct/13 11:14:48", "status":200, "latency":"   5.922596ms", "method":"PATCH", "path":"/todo-items/7"}
{"pid":24383, "timestamp":"2023/Oct/13 11:14:48", "status":500, "latency":"   6.310012ms", "method":"PATCH", "path":"/todo-items/999999999"}
{"pid":24383, "timestamp":"2023/Oct/13 11:14:48", "status":200, "latency":"   3.879193ms", "method":"GET", "path":"/todo-items/7"}
{"pid":24383, "timestamp":"2023/Oct/13 11:14:48", "status":500, "latency":"   2.634568ms", "method":"GET", "path":"/todo-items/999999999"}
{"pid":24383, "timestamp":"2023/Oct/13 11:14:48", "status":200, "latency":"   2.923576ms", "method":"GET", "path":"/todo-items"}
{"pid":24383, "timestamp":"2023/Oct/13 11:14:48", "status":200, "latency":"   1.327001ms", "method":"GET", "path":"/todo-items"}
{"pid":24383, "timestamp":"2023/Oct/13 11:14:48", "status":200, "latency":"   3.969764ms", "method":"DELETE", "path":"/todo-items/7"}
{"pid":24383, "timestamp":"2023/Oct/13 11:14:48", "status":200, "latency":"   1.276984ms", "method":"DELETE", "path":"/todo-items/999999999"}
{"pid":24383, "timestamp":"2023/Oct/13 11:14:48", "status":200, "latency":"   3.002991ms", "method":"DELETE", "path":"/activity-groups/4"}
{"pid":24383, "timestamp":"2023/Oct/13 11:14:48", "status":200, "latency":"    1.48212ms", "method":"DELETE", "path":"/activity-groups/999999999"}
{"pid":24383, "timestamp":"2023/Oct/13 11:15:17", "status":200, "latency":"  10.109054ms", "method":"POST", "path":"/activity-groups"}
{"pid":25033, "timestamp":"2023/Oct/13 11:17:40", "status":201, "latency":"   7.180594ms", "method":"POST", "path":"/activity-groups"}
{"pid":25033, "timestamp":"2023/Oct/13 11:17:40", "status":400, "latency":"    182.229µs", "method":"POST", "path":"/activity-groups"}
{"pid":25033, "timestamp":"2023/Oct/13 11:17:40", "status":200, "latency":"   9.076706ms", "method":"PATCH", "path":"/activity-groups/6"}
{"pid":25033, "timestamp":"2023/Oct/13 11:17:40", "status":500, "latency":"   3.937983ms", "method":"PATCH", "path":"/activity-groups/999999999"}
{"pid":25033, "timestamp":"2023/Oct/13 11:17:40", "status":200, "latency":"   2.643538ms", "method":"GET", "path":"/activity-groups/6"}
{"pid":25033, "timestamp":"2023/Oct/13 11:17:40", "status":500, "latency":"   2.162036ms", "method":"GET", "path":"/activity-groups/999999999"}
{"pid":25033, "timestamp":"2023/Oct/13 11:17:40", "status":200, "latency":"   1.481818ms", "method":"GET", "path":"/activity-groups"}
{"pid":25033, "timestamp":"2023/Oct/13 11:17:40", "status":201, "latency":"   5.850523ms", "method":"POST", "path":"/todo-items"}
{"pid":25033, "timestamp":"2023/Oct/13 11:17:40", "status":201, "latency":"   6.234989ms", "method":"POST", "path":"/todo-items"}
{"pid":25033, "timestamp":"2023/Oct/13 11:17:40", "status":201, "latency":"   7.506475ms", "method":"POST", "path":"/todo-items"}
{"pid":25033, "timestamp":"2023/Oct/13 11:17:40", "status":200, "latency":"   8.683273ms", "method":"PATCH", "path":"/todo-items/10"}
{"pid":25033, "timestamp":"2023/Oct/13 11:17:40", "status":200, "latency":"   6.666459ms", "method":"PATCH", "path":"/todo-items/10"}
{"pid":25033, "timestamp":"2023/Oct/13 11:17:40", "status":500, "latency":"   3.575455ms", "method":"PATCH", "path":"/todo-items/999999999"}
{"pid":25033, "timestamp":"2023/Oct/13 11:17:40", "status":200, "latency":"   2.069513ms", "method":"GET", "path":"/todo-items/10"}
{"pid":25033, "timestamp":"2023/Oct/13 11:17:40", "status":500, "latency":"    2.45583ms", "method":"GET", "path":"/todo-items/999999999"}
{"pid":25033, "timestamp":"2023/Oct/13 11:17:40", "status":200, "latency":"   1.482319ms", "method":"GET", "path":"/todo-items"}
{"pid":25033, "timestamp":"2023/Oct/13 11:17:40", "status":200, "latency":"    1.22893ms", "method":"GET", "path":"/todo-items"}
{"pid":25033, "timestamp":"2023/Oct/13 11:17:40", "status":200, "latency":"    4.67867ms", "method":"DELETE", "path":"/todo-items/10"}
{"pid":25033, "timestamp":"2023/Oct/13 11:17:40", "status":200, "latency":"   1.580369ms", "method":"DELETE", "path":"/todo-items/999999999"}
{"pid":25033, "timestamp":"2023/Oct/13 11:17:40", "status":200, "latency":"   3.887315ms", "method":"DELETE", "path":"/activity-groups/6"}
{"pid":25033, "timestamp":"2023/Oct/13 11:17:40", "status":200, "latency":"   1.469515ms", "method":"DELETE", "path":"/activity-groups/999999999"}
{"pid":25521, "timestamp":"2023/Oct/13 11:18:18", "status":201, "latency":"   7.860995ms", "method":"POST", "path":"/activity-groups"}
{"pid":25521, "timestamp":"2023/Oct/13 11:18:18", "status":400, "latency":"    180.469µs", "method":"POST", "path":"/activity-groups"}
{"pid":25521, "timestamp":"2023/Oct/13 11:18:18", "status":200, "latency":"  20.729296ms", "method":"PATCH", "path":"/activity-groups/7"}
{"pid":25521, "timestamp":"2023/Oct/13 11:18:18", "status":500, "latency":"   6.832852ms", "method":"PATCH", "path":"/activity-groups/999999999"}
{"pid":25521, "timestamp":"2023/Oct/13 11:18:18", "status":200, "latency":"   5.239264ms", "method":"GET", "path":"/activity-groups/7"}
{"pid":25521, "timestamp":"2023/Oct/13 11:18:18", "status":500, "latency":"   2.881377ms", "method":"GET", "path":"/activity-groups/999999999"}
{"pid":25521, "timestamp":"2023/Oct/13 11:18:18", "status":200, "latency":"    2.08143ms", "method":"GET", "path":"/activity-groups"}
{"pid":25521, "timestamp":"2023/Oct/13 11:18:18", "status":201, "latency":"   9.756893ms", "method":"POST", "path":"/todo-items"}
{"pid":25521, "timestamp":"2023/Oct/13 11:18:18", "status":201, "latency":"   8.024039ms", "method":"POST", "path":"/todo-items"}
{"pid":25521, "timestamp":"2023/Oct/13 11:18:18", "status":201, "latency":"  14.911402ms", "method":"POST", "path":"/todo-items"}
{"pid":25521, "timestamp":"2023/Oct/13 11:18:19", "status":200, "latency":"    9.30408ms", "method":"PATCH", "path":"/todo-items/13"}
{"pid":25521, "timestamp":"2023/Oct/13 11:18:19", "status":200, "latency":"  17.803654ms", "method":"PATCH", "path":"/todo-items/13"}
{"pid":25521, "timestamp":"2023/Oct/13 11:18:19", "status":500, "latency":"   4.578392ms", "method":"PATCH", "path":"/todo-items/999999999"}
{"pid":25521, "timestamp":"2023/Oct/13 11:18:19", "status":200, "latency":"   3.014759ms", "method":"GET", "path":"/todo-items/13"}
{"pid":25521, "timestamp":"2023/Oct/13 11:18:19", "status":500, "latency":"   4.794986ms", "method":"GET", "path":"/todo-items/999999999"}
{"pid":25521, "timestamp":"2023/Oct/13 11:18:19", "status":200, "latency":"    1.41842ms", "method":"GET", "path":"/todo-items"}
{"pid":25521, "timestamp":"2023/Oct/13 11:18:19", "status":200, "latency":"   1.633384ms", "method":"GET", "path":"/todo-items"}
{"pid":25521, "timestamp":"2023/Oct/13 11:18:19", "status":200, "latency":"    2.53352ms", "method":"DELETE", "path":"/todo-items/13"}
{"pid":25521, "timestamp":"2023/Oct/13 11:18:19", "status":200, "latency":"   1.228182ms", "method":"DELETE", "path":"/todo-items/999999999"}
{"pid":25521, "timestamp":"2023/Oct/13 11:18:19", "status":200, "latency":"   5.651269ms", "method":"DELETE", "path":"/activity-groups/7"}
{"pid":25521, "timestamp":"2023/Oct/13 11:18:19", "status":200, "latency":"   1.428939ms", "method":"DELETE", "path":"/activity-groups/999999999"}
{"pid":26699, "timestamp":"2023/Oct/13 11:28:49", "status":201, "latency":"   8.409356ms", "method":"POST", "path":"/activity-groups"}
{"pid":26699, "timestamp":"2023/Oct/13 11:28:50", "status":400, "latency":"    533.327µs", "method":"POST", "path":"/activity-groups"}
{"pid":26699, "timestamp":"2023/Oct/13 11:28:50", "status":200, "latency":"   6.133865ms", "method":"PATCH", "path":"/activity-groups/8"}
{"pid":26699, "timestamp":"2023/Oct/13 11:28:50", "status":500, "latency":"   4.355246ms", "method":"PATCH", "path":"/activity-groups/999999999"}
{"pid":26699, "timestamp":"2023/Oct/13 11:28:50", "status":200, "latency":"   2.737544ms", "method":"GET", "path":"/activity-groups/8"}
{"pid":26699, "timestamp":"2023/Oct/13 11:28:50", "status":500, "latency":"   3.332418ms", "method":"GET", "path":"/activity-groups/999999999"}
{"pid":26699, "timestamp":"2023/Oct/13 11:28:50", "status":200, "latency":"   1.362678ms", "method":"GET", "path":"/activity-groups"}
{"pid":26699, "timestamp":"2023/Oct/13 11:28:50", "status":201, "latency":"   9.210219ms", "method":"POST", "path":"/todo-items"}
{"pid":26699, "timestamp":"2023/Oct/13 11:28:50", "status":201, "latency":"   7.775617ms", "method":"POST", "path":"/todo-items"}
{"pid":26699, "timestamp":"2023/Oct/13 11:28:50", "status":201, "latency":"   6.189603ms", "method":"POST", "path":"/todo-items"}
{"pid":26699, "timestamp":"2023/Oct/13 11:28:50", "status":200, "latency":"   4.997253ms", "method":"PATCH", "path":"/todo-items/16"}
{"pid":26699, "timestamp":"2023/Oct/13 11:28:50", "status":200, "latency":"   6.284428ms", "method":"PATCH", "path":"/todo-items/16"}
{"pid":26699, "timestamp":"2023/Oct/13 11:28:50", "status":500, "latency":"   3.608661ms", "method":"PATCH", "path":"/todo-items/999999999"}
{"pid":26699, "timestamp":"2023/Oct/13 11:28:50", "status":200, "latency":"   4.663756ms", "method":"GET", "path":"/todo-items/16"}
{"pid":26699, "timestamp":"2023/Oct/13 11:28:50", "status":500, "latency":"   2.810316ms", "method":"GET", "path":"/todo-items/999999999"}
{"pid":26699, "timestamp":"2023/Oct/13 11:28:50", "status":200, "latency":"    1.72135ms", "method":"GET", "path":"/todo-items"}
{"pid":26699, "timestamp":"2023/Oct/13 11:28:50", "status":200, "latency":"   1.852881ms", "method":"GET", "path":"/todo-items"}
{"pid":26699, "timestamp":"2023/Oct/13 11:28:50", "status":200, "latency":"   2.666675ms", "method":"DELETE", "path":"/todo-items/16"}
{"pid":26699, "timestamp":"2023/Oct/13 11:28:50", "status":200, "latency":"   1.230598ms", "method":"DELETE", "path":"/todo-items/999999999"}
{"pid":26699, "timestamp":"2023/Oct/13 11:28:50", "status":200, "latency":"   3.618933ms", "method":"DELETE", "path":"/activity-groups/8"}
{"pid":26699, "timestamp":"2023/Oct/13 11:28:50", "status":200, "latency":"   1.229036ms", "method":"DELETE", "path":"/activity-groups/999999999"}
{"pid":26699, "timestamp":"2023/Oct/13 13:09:16", "status":201, "latency":"   5.869517ms", "method":"POST", "path":"/activity-groups"}
{"pid":26699, "timestamp":"2023/Oct/13 13:09:16", "status":400, "latency":"    116.541µs", "method":"POST", "path":"/activity-groups"}
{"pid":26699, "timestamp":"2023/Oct/13 13:09:16", "status":200, "latency":"   5.808407ms", "method":"PATCH", "path":"/activity-groups/9"}
{"pid":26699, "timestamp":"2023/Oct/13 13:09:16", "status":500, "latency":"   4.428119ms", "method":"PATCH", "path":"/activity-groups/999999999"}
{"pid":26699, "timestamp":"2023/Oct/13 13:09:17", "status":200, "latency":"   2.392614ms", "method":"GET", "path":"/activity-groups/9"}
{"pid":26699, "timestamp":"2023/Oct/13 13:09:17", "status":500, "latency":"   2.664738ms", "method":"GET", "path":"/activity-groups/999999999"}
{"pid":26699, "timestamp":"2023/Oct/13 13:09:17", "status":200, "latency":"   2.322246ms", "method":"GET", "path":"/activity-groups"}
{"pid":26699, "timestamp":"2023/Oct/13 13:09:17", "status":201, "latency":"   13.97951ms", "method":"POST", "path":"/todo-items"}
{"pid":26699, "timestamp":"2023/Oct/13 13:09:17", "status":201, "latency":"   6.523467ms", "method":"POST", "path":"/todo-items"}
{"pid":26699, "timestamp":"2023/Oct/13 13:09:17", "status":201, "latency":"   8.052448ms", "method":"POST", "path":"/todo-items"}
{"pid":26699, "timestamp":"2023/Oct/13 13:09:17", "status":200, "latency":"   6.377017ms", "method":"PATCH", "path":"/todo-items/19"}
{"pid":26699, "timestamp":"2023/Oct/13 13:09:17", "status":200, "latency":"   5.663197ms", "method":"PATCH", "path":"/todo-items/19"}
{"pid":26699, "timestamp":"2023/Oct/13 13:09:17", "status":500, "latency":"   4.148106ms", "method":"PATCH", "path":"/todo-items/999999999"}
{"pid":26699, "timestamp":"2023/Oct/13 13:09:17", "status":200, "latency":"   2.720092ms", "method":"GET", "path":"/todo-items/19"}
{"pid":26699, "timestamp":"2023/Oct/13 13:09:17", "status":500, "latency":"   3.000043ms", "method":"GET", "path":"/todo-items/999999999"}
{"pid":26699, "timestamp":"2023/Oct/13 13:09:17", "status":200, "latency":"   1.727013ms", "method":"GET", "path":"/todo-items"}
{"pid":26699, "timestamp":"2023/Oct/13 13:09:17", "status":200, "latency":"   1.344482ms", "method":"GET", "path":"/todo-items"}
{"pid":26699, "timestamp":"2023/Oct/13 13:09:17", "status":200, "latency":"   4.520211ms", "method":"DELETE", "path":"/todo-items/19"}
{"pid":26699, "timestamp":"2023/Oct/13 13:09:17", "status":200, "latency":"   1.464907ms", "method":"DELETE", "path":"/todo-items/999999999"}
{"pid":26699, "timestamp":"2023/Oct/13 13:09:17", "status":200, "latency":"   3.554132ms", "method":"DELETE", "path":"/activity-groups/9"}
{"pid":26699, "timestamp":"2023/Oct/13 13:09:17", "status":200, "latency":"   1.430507ms", "method":"DELETE", "path":"/activity-groups/999999999"}
{"pid":26699, "timestamp":"2023/Oct/13 13:10:44", "status":200, "latency":"  17.315448ms", "method":"PATCH", "path":"/activity-groups/5"}
{"pid":26699, "timestamp":"2023/Oct/13 13:10:51", "status":500, "latency":"  10.834926ms", "method":"PATCH", "path":"/activity-groups/999"}
{"pid":51404, "timestamp":"2023/Oct/13 13:12:06", "status":201, "latency":"   7.528773ms", "method":"POST", "path":"/activity-groups"}
{"pid":51404, "timestamp":"2023/Oct/13 13:12:06", "status":400, "latency":"    199.709µs", "method":"POST", "path":"/activity-groups"}
{"pid":51404, "timestamp":"2023/Oct/13 13:12:06", "status":200, "latency":"   5.936289ms", "method":"PATCH", "path":"/activity-groups/10"}
{"pid":51404, "timestamp":"2023/Oct/13 13:12:06", "status":404, "latency":"   4.392845ms", "method":"PATCH", "path":"/activity-groups/999999999"}
{"pid":51404, "timestamp":"2023/Oct/13 13:12:07", "status":200, "latency":"   2.275154ms", "method":"GET", "path":"/activity-groups/10"}
{"pid":51404, "timestamp":"2023/Oct/13 13:12:07", "status":500, "latency":"   2.247853ms", "method":"GET", "path":"/activity-groups/999999999"}
{"pid":51404, "timestamp":"2023/Oct/13 13:12:07", "status":200, "latency":"   1.763764ms", "method":"GET", "path":"/activity-groups"}
{"pid":51404, "timestamp":"2023/Oct/13 13:12:07", "status":201, "latency":"  11.153294ms", "method":"POST", "path":"/todo-items"}
{"pid":51404, "timestamp":"2023/Oct/13 13:12:07", "status":201, "latency":"   5.955312ms", "method":"POST", "path":"/todo-items"}
{"pid":51404, "timestamp":"2023/Oct/13 13:12:07", "status":201, "latency":"   7.041096ms", "method":"POST", "path":"/todo-items"}
{"pid":51404, "timestamp":"2023/Oct/13 13:12:07", "status":200, "latency":"   5.441512ms", "method":"PATCH", "path":"/todo-items/22"}
{"pid":51404, "timestamp":"2023/Oct/13 13:12:07", "status":200, "latency":"   7.089873ms", "method":"PATCH", "path":"/todo-items/22"}
{"pid":51404, "timestamp":"2023/Oct/13 13:12:07", "status":500, "latency":"   4.485475ms", "method":"PATCH", "path":"/todo-items/999999999"}
{"pid":51404, "timestamp":"2023/Oct/13 13:12:07", "status":200, "latency":"   3.542431ms", "method":"GET", "path":"/todo-items/22"}
{"pid":51404, "timestamp":"2023/Oct/13 13:12:07", "status":500, "latency":"   2.753661ms", "method":"GET", "path":"/todo-items/999999999"}
{"pid":51404, "timestamp":"2023/Oct/13 13:12:07", "status":200, "latency":"   1.352454ms", "method":"GET", "path":"/todo-items"}
{"pid":51404, "timestamp":"2023/Oct/13 13:12:07", "status":200, "latency":"   1.403449ms", "method":"GET", "path":"/todo-items"}
{"pid":51404, "timestamp":"2023/Oct/13 13:12:07", "status":200, "latency":"   3.784709ms", "method":"DELETE", "path":"/todo-items/22"}
{"pid":51404, "timestamp":"2023/Oct/13 13:12:07", "status":200, "latency":"   1.208287ms", "method":"DELETE", "path":"/todo-items/999999999"}
{"pid":51404, "timestamp":"2023/Oct/13 13:12:07", "status":200, "latency":"   3.561729ms", "method":"DELETE", "path":"/activity-groups/10"}
{"pid":51404, "timestamp":"2023/Oct/13 13:12:07", "status":200, "latency":"   1.245414ms", "method":"DELETE", "path":"/activity-groups/999999999"}
{"pid":51562, "timestamp":"2023/Oct/13 13:13:14", "status":201, "latency":"   6.916115ms", "method":"POST", "path":"/activity-groups"}
{"pid":51562, "timestamp":"2023/Oct/13 13:13:14", "status":400, "latency":"    175.326µs", "method":"POST", "path":"/activity-groups"}
{"pid":51562, "timestamp":"2023/Oct/13 13:13:14", "status":200, "latency":"   5.626021ms", "method":"PATCH", "path":"/activity-groups/11"}
{"pid":51562, "timestamp":"2023/Oct/13 13:13:14", "status":404, "latency":"   4.282001ms", "method":"PATCH", "path":"/activity-groups/999999999"}
{"pid":51562, "timestamp":"2023/Oct/13 13:13:14", "status":200, "latency":"   2.555119ms", "method":"GET", "path":"/activity-groups/11"}
{"pid":51562, "timestamp":"2023/Oct/13 13:13:14", "status":500, "latency":"   2.110757ms", "method":"GET", "path":"/activity-groups/999999999"}
{"pid":51562, "timestamp":"2023/Oct/13 13:13:14", "status":200, "latency":"   1.402785ms", "method":"GET", "path":"/activity-groups"}
{"pid":51562, "timestamp":"2023/Oct/13 13:13:14", "status":201, "latency":"     8.0584ms", "method":"POST", "path":"/todo-items"}
{"pid":51562, "timestamp":"2023/Oct/13 13:13:14", "status":201, "latency":"  11.396416ms", "method":"POST", "path":"/todo-items"}
{"pid":51562, "timestamp":"2023/Oct/13 13:13:14", "status":201, "latency":"   7.839045ms", "method":"POST", "path":"/todo-items"}
{"pid":51562, "timestamp":"2023/Oct/13 13:13:14", "status":200, "latency":"   9.332484ms", "method":"PATCH", "path":"/todo-items/25"}
{"pid":51562, "timestamp":"2023/Oct/13 13:13:14", "status":200, "latency":"   5.371118ms", "method":"PATCH", "path":"/todo-items/25"}
{"pid":51562, "timestamp":"2023/Oct/13 13:13:14", "status":500, "latency":"   6.168767ms", "method":"PATCH", "path":"/todo-items/999999999"}
{"pid":51562, "timestamp":"2023/Oct/13 13:13:14", "status":200, "latency":"   2.433019ms", "method":"GET", "path":"/todo-items/25"}
{"pid":51562, "timestamp":"2023/Oct/13 13:13:14", "status":500, "latency":"   2.397888ms", "method":"GET", "path":"/todo-items/999999999"}
{"pid":51562, "timestamp":"2023/Oct/13 13:13:14", "status":200, "latency":"     1.4459ms", "method":"GET", "path":"/todo-items"}
{"pid":51562, "timestamp":"2023/Oct/13 13:13:14", "status":200, "latency":"   2.130057ms", "method":"GET", "path":"/todo-items"}
{"pid":51562, "timestamp":"2023/Oct/13 13:13:14", "status":200, "latency":"   5.021842ms", "method":"DELETE", "path":"/todo-items/25"}
{"pid":51562, "timestamp":"2023/Oct/13 13:13:14", "status":200, "latency":"   1.647426ms", "method":"DELETE", "path":"/todo-items/999999999"}
{"pid":51562, "timestamp":"2023/Oct/13 13:13:14", "status":200, "latency":"    5.54964ms", "method":"DELETE", "path":"/activity-groups/11"}
{"pid":51562, "timestamp":"2023/Oct/13 13:13:14", "status":200, "latency":"    1.92802ms", "method":"DELETE", "path":"/activity-groups/999999999"}
{"pid":56472, "timestamp":"2023/Oct/14 16:21:03", "status":201, "latency":"  11.405596ms", "method":"POST", "path":"/activity-groups"}
{"pid":56472, "timestamp":"2023/Oct/14 16:21:08", "status":400, "latency":"    639.973µs", "method":"POST", "path":"/activity-groups"}
{"pid":56945, "timestamp":"2023/Oct/14 16:25:52", "status":400, "latency":"    397.392µs", "method":"POST", "path":"/activity-groups"}
{"pid":57037, "timestamp":"2023/Oct/14 16:26:46", "status":400, "latency":"    351.199µs", "method":"POST", "path":"/activity-groups"}
{"pid":57185, "timestamp":"2023/Oct/14 16:27:14", "status":400, "latency":"    271.711µs", "method":"POST", "path":"/activity-groups"}
{"pid":57329, "timestamp":"2023/Oct/14 16:28:21", "status":400, "latency":"    267.575µs", "method":"POST", "path":"/activity-groups"}
{"pid":58620, "timestamp":"2023/Oct/14 16:42:14", "status":201, "latency":"   8.624048ms", "method":"POST", "path":"/activity-groups"}
{"pid":58620, "timestamp":"2023/Oct/14 16:42:14", "status":400, "latency":"    160.704µs", "method":"POST", "path":"/activity-groups"}
{"pid":58620, "timestamp":"2023/Oct/14 16:42:14", "status":200, "latency":"   7.956303ms", "method":"PATCH", "path":"/activity-groups/2"}
{"pid":58620, "timestamp":"2023/Oct/14 16:42:14", "status":404, "latency":"   2.195392ms", "method":"PATCH", "path":"/activity-groups/999999999"}
{"pid":58620, "timestamp":"2023/Oct/14 16:42:14", "status":200, "latency":"   3.775405ms", "method":"GET", "path":"/activity-groups/2"}
{"pid":58620, "timestamp":"2023/Oct/14 16:42:14", "status":404, "latency":"   2.311765ms", "method":"GET", "path":"/activity-groups/999999999"}
{"pid":58620, "timestamp":"2023/Oct/14 16:42:14", "status":200, "latency":"   1.510982ms", "method":"GET", "path":"/activity-groups"}
{"pid":58620, "timestamp":"2023/Oct/14 16:42:14", "status":201, "latency":"  11.092458ms", "method":"POST", "path":"/todo-items"}
{"pid":58620, "timestamp":"2023/Oct/14 16:42:14", "status":201, "latency":"    9.08294ms", "method":"POST", "path":"/todo-items"}
{"pid":58620, "timestamp":"2023/Oct/14 16:42:14", "status":201, "latency":"   7.458546ms", "method":"POST", "path":"/todo-items"}
{"pid":58620, "timestamp":"2023/Oct/14 16:42:14", "status":200, "latency":"   6.128921ms", "method":"PATCH", "path":"/todo-items/1"}
{"pid":58620, "timestamp":"2023/Oct/14 16:42:14", "status":200, "latency":"  14.600491ms", "method":"PATCH", "path":"/todo-items/1"}
{"pid":59838, "timestamp":"2023/Oct/14 16:51:31", "status":201, "latency":"   6.799463ms", "method":"POST", "path":"/activity-groups"}
{"pid":59838, "timestamp":"2023/Oct/14 16:51:31", "status":400, "latency":"    233.323µs", "method":"POST", "path":"/activity-groups"}
{"pid":59838, "timestamp":"2023/Oct/14 16:51:31", "status":200, "latency":"   8.279789ms", "method":"PATCH", "path":"/activity-groups/3"}
{"pid":59838, "timestamp":"2023/Oct/14 16:51:31", "status":404, "latency":"   2.128038ms", "method":"PATCH", "path":"/activity-groups/999999999"}
{"pid":59838, "timestamp":"2023/Oct/14 16:51:31", "status":200, "latency":"   2.440048ms", "method":"GET", "path":"/activity-groups/3"}
{"pid":59838, "timestamp":"2023/Oct/14 16:51:31", "status":404, "latency":"   2.665713ms", "method":"GET", "path":"/activity-groups/999999999"}
{"pid":59838, "timestamp":"2023/Oct/14 16:51:31", "status":200, "latency":"   2.167719ms", "method":"GET", "path":"/activity-groups"}
{"pid":59838, "timestamp":"2023/Oct/14 16:51:31", "status":201, "latency":"   8.413581ms", "method":"POST", "path":"/todo-items"}
{"pid":59838, "timestamp":"2023/Oct/14 16:51:31", "status":201, "latency":"  10.786018ms", "method":"POST", "path":"/todo-items"}
{"pid":59838, "timestamp":"2023/Oct/14 16:51:31", "status":201, "latency":"   7.720303ms", "method":"POST", "path":"/todo-items"}
{"pid":59838, "timestamp":"2023/Oct/14 16:51:31", "status":200, "latency":"   7.034493ms", "method":"PATCH", "path":"/todo-items/4"}
{"pid":59838, "timestamp":"2023/Oct/14 16:51:31", "status":200, "latency":"   9.193625ms", "method":"PATCH", "path":"/todo-items/4"}
{"pid":59994, "timestamp":"2023/Oct/14 16:52:33", "status":400, "latency":"    382.478µs", "method":"POST", "path":"/activity-groups"}
{"pid":60098, "timestamp":"2023/Oct/14 16:53:47", "status":201, "latency":"   7.346738ms", "method":"POST", "path":"/activity-groups"}
{"pid":60098, "timestamp":"2023/Oct/14 16:53:47", "status":400, "latency":"     167.39µs", "method":"POST", "path":"/activity-groups"}
{"pid":60098, "timestamp":"2023/Oct/14 16:53:47", "status":200, "latency":"   7.772229ms", "method":"PATCH", "path":"/activity-groups/4"}
{"pid":60098, "timestamp":"2023/Oct/14 16:53:47", "status":404, "latency":"   2.296145ms", "method":"PATCH", "path":"/activity-groups/999999999"}
{"pid":60098, "timestamp":"2023/Oct/14 16:53:47", "status":200, "latency":"   3.062303ms", "method":"GET", "path":"/activity-groups/4"}
{"pid":60098, "timestamp":"2023/Oct/14 16:53:47", "status":404, "latency":"   2.412813ms", "method":"GET", "path":"/activity-groups/999999999"}
{"pid":60098, "timestamp":"2023/Oct/14 16:53:47", "status":200, "latency":"   1.504444ms", "method":"GET", "path":"/activity-groups"}
{"pid":60098, "timestamp":"2023/Oct/14 16:53:47", "status":201, "latency":"  12.380281ms", "method":"POST", "path":"/todo-items"}
{"pid":60098, "timestamp":"2023/Oct/14 16:53:47", "status":201, "latency":"   6.571076ms", "method":"POST", "path":"/todo-items"}
{"pid":60098, "timestamp":"2023/Oct/14 16:53:47", "status":201, "latency":"    5.37275ms", "method":"POST", "path":"/todo-items"}
{"pid":60098, "timestamp":"2023/Oct/14 16:53:47", "status":200, "latency":"   7.311415ms", "method":"PATCH", "path":"/todo-items/7"}
{"pid":60098, "timestamp":"2023/Oct/14 16:53:47", "status":200, "latency":"   7.165269ms", "method":"PATCH", "path":"/todo-items/7"}
{"pid":60241, "timestamp":"2023/Oct/14 16:54:20", "status":400, "latency":"    309.622µs", "method":"POST", "path":"/activity-groups"}
{"pid":60792, "timestamp":"2023/Oct/14 17:02:15", "status":201, "latency":"   7.178002ms", "method":"POST", "path":"/activity-groups"}
{"pid":60792, "timestamp":"2023/Oct/14 17:02:15", "status":400, "latency":"    167.833µs", "method":"POST", "path":"/activity-groups"}
{"pid":60792, "timestamp":"2023/Oct/14 17:02:15", "status":200, "latency":"   7.417478ms", "method":"PATCH", "path":"/activity-groups/5"}
{"pid":60792, "timestamp":"2023/Oct/14 17:02:15", "status":404, "latency":"   2.964669ms", "method":"PATCH", "path":"/activity-groups/999999999"}
{"pid":60792, "timestamp":"2023/Oct/14 17:02:15", "status":200, "latency":"   2.907032ms", "method":"GET", "path":"/activity-groups/5"}
{"pid":60792, "timestamp":"2023/Oct/14 17:02:15", "status":404, "latency":"   2.371886ms", "method":"GET", "path":"/activity-groups/999999999"}
{"pid":60792, "timestamp":"2023/Oct/14 17:02:15", "status":200, "latency":"   1.913238ms", "method":"GET", "path":"/activity-groups"}
{"pid":60792, "timestamp":"2023/Oct/14 17:02:15", "status":201, "latency":"   9.733557ms", "method":"POST", "path":"/todo-items"}
{"pid":60792, "timestamp":"2023/Oct/14 17:02:15", "status":201, "latency":"   6.505676ms", "method":"POST", "path":"/todo-items"}
{"pid":60792, "timestamp":"2023/Oct/14 17:02:15", "status":201, "latency":"   5.271165ms", "method":"POST", "path":"/todo-items"}
{"pid":60792, "timestamp":"2023/Oct/14 17:02:15", "status":200, "latency":"   7.238064ms", "method":"PATCH", "path":"/todo-items/10"}
{"pid":60792, "timestamp":"2023/Oct/14 17:02:15", "status":200, "latency":"   5.755282ms", "method":"PATCH", "path":"/todo-items/10"}
{"pid":60910, "timestamp":"2023/Oct/14 17:02:49", "status":201, "latency":"   7.948305ms", "method":"POST", "path":"/activity-groups"}
{"pid":60910, "timestamp":"2023/Oct/14 17:02:49", "status":400, "latency":"    193.478µs", "method":"POST", "path":"/activity-groups"}
{"pid":60910, "timestamp":"2023/Oct/14 17:02:49", "status":200, "latency":"    7.94364ms", "method":"PATCH", "path":"/activity-groups/6"}
{"pid":60910, "timestamp":"2023/Oct/14 17:02:49", "status":404, "latency":"   2.695626ms", "method":"PATCH", "path":"/activity-groups/999999999"}
{"pid":60910, "timestamp":"2023/Oct/14 17:02:50", "status":200, "latency":"   2.573085ms", "method":"GET", "path":"/activity-groups/6"}
{"pid":60910, "timestamp":"2023/Oct/14 17:02:50", "status":404, "latency":"    2.23607ms", "method":"GET", "path":"/activity-groups/999999999"}
{"pid":60910, "timestamp":"2023/Oct/14 17:02:50", "status":200, "latency":"   1.376235ms", "method":"GET", "path":"/activity-groups"}
{"pid":60910, "timestamp":"2023/Oct/14 17:02:50", "status":201, "latency":"    7.87906ms", "method":"POST", "path":"/todo-items"}
{"pid":60910, "timestamp":"2023/Oct/14 17:02:50", "status":201, "latency":"   8.817013ms", "method":"POST", "path":"/todo-items"}
{"pid":60910, "timestamp":"2023/Oct/14 17:02:50", "status":201, "latency":"  10.419646ms", "method":"POST", "path":"/todo-items"}
{"pid":60910, "timestamp":"2023/Oct/14 17:02:50", "status":200, "latency":"   8.532313ms", "method":"PATCH", "path":"/todo-items/13"}
{"pid":60910, "timestamp":"2023/Oct/14 17:02:50", "status":200, "latency":"   7.276642ms", "method":"PATCH", "path":"/todo-items/13"}
{"pid":61154, "timestamp":"2023/Oct/14 17:04:17", "status":201, "latency":"   7.300263ms", "method":"POST", "path":"/activity-groups"}
{"pid":61154, "timestamp":"2023/Oct/14 17:04:17", "status":400, "latency":"    196.782µs", "method":"POST", "path":"/activity-groups"}
{"pid":61154, "timestamp":"2023/Oct/14 17:04:17", "status":200, "latency":"   7.227881ms", "method":"PATCH", "path":"/activity-groups/7"}
{"pid":61154, "timestamp":"2023/Oct/14 17:04:17", "status":404, "latency":"    2.71203ms", "method":"PATCH", "path":"/activity-groups/999999999"}
{"pid":61154, "timestamp":"2023/Oct/14 17:04:17", "status":200, "latency":"   2.631818ms", "method":"GET", "path":"/activity-groups/7"}
{"pid":61154, "timestamp":"2023/Oct/14 17:04:17", "status":404, "latency":"   2.612668ms", "method":"GET", "path":"/activity-groups/999999999"}
{"pid":61154, "timestamp":"2023/Oct/14 17:04:17", "status":200, "latency":"   1.453067ms", "method":"GET", "path":"/activity-groups"}
{"pid":61154, "timestamp":"2023/Oct/14 17:04:17", "status":201, "latency":"    7.12417ms", "method":"POST", "path":"/todo-items"}
{"pid":61154, "timestamp":"2023/Oct/14 17:04:17", "status":201, "latency":"   8.069284ms", "method":"POST", "path":"/todo-items"}
{"pid":61154, "timestamp":"2023/Oct/14 17:04:17", "status":201, "latency":"   6.699589ms", "method":"POST", "path":"/todo-items"}
{"pid":61154, "timestamp":"2023/Oct/14 17:04:17", "status":200, "latency":"   7.426385ms", "method":"PATCH", "path":"/todo-items/16"}
{"pid":61154, "timestamp":"2023/Oct/14 17:04:17", "status":200, "latency":"   6.917477ms", "method":"PATCH", "path":"/todo-items/16"}
{"pid":62467, "timestamp":"2023/Oct/14 17:13:27", "status":201, "latency":"   7.851623ms", "method":"POST", "path":"/activity-groups"}
{"pid":62467, "timestamp":"2023/Oct/14 17:13:27", "status":400, "latency":"    216.214µs", "method":"POST", "path":"/activity-groups"}
{"pid":62467, "timestamp":"2023/Oct/14 17:13:27", "status":200, "latency":"   6.924765ms", "method":"PATCH", "path":"/activity-groups/8"}
{"pid":62467, "timestamp":"2023/Oct/14 17:13:27", "status":404, "latency":"   2.769738ms", "method":"PATCH", "path":"/activity-groups/999999999"}
{"pid":62467, "timestamp":"2023/Oct/14 17:13:27", "status":200, "latency":"   2.150427ms", "method":"GET", "path":"/activity-groups/8"}
{"pid":62467, "timestamp":"2023/Oct/14 17:13:27", "status":404, "latency":"   2.227474ms", "method":"GET", "path":"/activity-groups/999999999"}
{"pid":62467, "timestamp":"2023/Oct/14 17:13:27", "status":200, "latency":"   1.419701ms", "method":"GET", "path":"/activity-groups"}
{"pid":62467, "timestamp":"2023/Oct/14 17:13:27", "status":201, "latency":"  10.002461ms", "method":"POST", "path":"/todo-items"}
{"pid":62467, "timestamp":"2023/Oct/14 17:13:27", "status":400, "latency":"    113.758µs", "method":"POST", "path":"/todo-items"}
{"pid":62467, "timestamp":"2023/Oct/14 17:13:27", "status":400, "latency":"     94.968µs", "method":"POST", "path":"/todo-items"}
{"pid":62467, "timestamp":"2023/Oct/14 17:13:27", "status":200, "latency":"   7.183498ms", "method":"PATCH", "path":"/todo-items/19"}
{"pid":62467, "timestamp":"2023/Oct/14 17:13:27", "status":200, "latency":"   5.796949ms", "method":"PATCH", "path":"/todo-items/19"}
{"pid":62467, "timestamp":"2023/Oct/14 17:13:27", "status":500, "latency":"   1.376467ms", "method":"PATCH", "path":"/todo-items/999999999"}
{"pid":62467, "timestamp":"2023/Oct/14 17:13:27", "status":200, "latency":"   2.516653ms", "method":"GET", "path":"/todo-items/19"}
{"pid":62467, "timestamp":"2023/Oct/14 17:13:27", "status":404, "latency":"   1.999206ms", "method":"GET", "path":"/todo-items/999999999"}
{"pid":62467, "timestamp":"2023/Oct/14 17:13:27", "status":200, "latency":"   1.340751ms", "method":"GET", "path":"/todo-items"}
{"pid":62467, "timestamp":"2023/Oct/14 17:13:27", "status":200, "latency":"   1.232061ms", "method":"GET", "path":"/todo-items"}
{"pid":62467, "timestamp":"2023/Oct/14 17:13:27", "status":200, "latency":"    5.49401ms", "method":"DELETE", "path":"/todo-items/19"}
{"pid":62467, "timestamp":"2023/Oct/14 17:13:27", "status":500, "latency":"   2.549501ms", "method":"DELETE", "path":"/todo-items/999999999"}
{"pid":62467, "timestamp":"2023/Oct/14 17:13:27", "status":200, "latency":"   2.666314ms", "method":"DELETE", "path":"/activity-groups/8"}
{"pid":62467, "timestamp":"2023/Oct/14 17:13:27", "status":500, "latency":"   2.373141ms", "method":"DELETE", "path":"/activity-groups/999999999"}
{"pid":62634, "timestamp":"2023/Oct/14 17:15:10", "status":201, "latency":"   7.558606ms", "method":"POST", "path":"/activity-groups"}
{"pid":62634, "timestamp":"2023/Oct/14 17:15:10", "status":400, "latency":"    212.057µs", "method":"POST", "path":"/activity-groups"}
{"pid":62634, "timestamp":"2023/Oct/14 17:15:10", "status":200, "latency":"   8.279522ms", "method":"PATCH", "path":"/activity-groups/9"}
{"pid":62634, "timestamp":"2023/Oct/14 17:15:11", "status":404, "latency":"   2.741341ms", "method":"PATCH", "path":"/activity-groups/999999999"}
{"pid":62634, "timestamp":"2023/Oct/14 17:15:11", "status":200, "latency":"  10.858746ms", "method":"GET", "path":"/activity-groups/9"}
{"pid":62634, "timestamp":"2023/Oct/14 17:15:11", "status":404, "latency":"   5.898251ms", "method":"GET", "path":"/activity-groups/999999999"}
{"pid":62634, "timestamp":"2023/Oct/14 17:15:11", "status":200, "latency":"  12.246212ms", "method":"GET", "path":"/activity-groups"}
{"pid":62634, "timestamp":"2023/Oct/14 17:15:11", "status":201, "latency":"  20.768187ms", "method":"POST", "path":"/todo-items"}
{"pid":62634, "timestamp":"2023/Oct/14 17:15:11", "status":400, "latency":"    135.308µs", "method":"POST", "path":"/todo-items"}
{"pid":62634, "timestamp":"2023/Oct/14 17:15:11", "status":400, "latency":"    126.474µs", "method":"POST", "path":"/todo-items"}
{"pid":62634, "timestamp":"2023/Oct/14 17:15:11", "status":200, "latency":"   6.750913ms", "method":"PATCH", "path":"/todo-items/20"}
{"pid":62634, "timestamp":"2023/Oct/14 17:15:11", "status":200, "latency":"   5.997238ms", "method":"PATCH", "path":"/todo-items/20"}
{"pid":62634, "timestamp":"2023/Oct/14 17:15:11", "status":500, "latency":"   1.562873ms", "method":"PATCH", "path":"/todo-items/999999999"}
{"pid":62634, "timestamp":"2023/Oct/14 17:15:11", "status":200, "latency":"   2.347269ms", "method":"GET", "path":"/todo-items/20"}
{"pid":62634, "timestamp":"2023/Oct/14 17:15:11", "status":404, "latency":"    2.66764ms", "method":"GET", "path":"/todo-items/999999999"}
{"pid":62634, "timestamp":"2023/Oct/14 17:15:11", "status":200, "latency":"   1.502764ms", "method":"GET", "path":"/todo-items"}
{"pid":62634, "timestamp":"2023/Oct/14 17:15:11", "status":200, "latency":"   2.176927ms", "method":"GET", "path":"/todo-items"}
{"pid":62634, "timestamp":"2023/Oct/14 17:15:11", "status":200, "latency":"   3.915075ms", "method":"DELETE", "path":"/todo-items/20"}
{"pid":62634, "timestamp":"2023/Oct/14 17:15:11", "status":500, "latency":"   1.333272ms", "method":"DELETE", "path":"/todo-items/999999999"}
{"pid":62634, "timestamp":"2023/Oct/14 17:15:11", "status":200, "latency":"   2.928885ms", "method":"DELETE", "path":"/activity-groups/9"}
{"pid":62634, "timestamp":"2023/Oct/14 17:15:11", "status":500, "latency":"    1.37781ms", "method":"DELETE", "path":"/activity-groups/999999999"}
{"pid":64050, "timestamp":"2023/Oct/14 17:31:52", "status":201, "latency":"   7.817276ms", "method":"POST", "path":"/activity-groups"}
{"pid":64050, "timestamp":"2023/Oct/14 17:31:52", "status":400, "latency":"    164.941µs", "method":"POST", "path":"/activity-groups"}
{"pid":64050, "timestamp":"2023/Oct/14 17:31:52", "status":200, "latency":"    8.48843ms", "method":"PATCH", "path":"/activity-groups/10"}
{"pid":64236, "timestamp":"2023/Oct/14 17:32:37", "status":201, "latency":"    6.79905ms", "method":"POST", "path":"/activity-groups"}
{"pid":64236, "timestamp":"2023/Oct/14 17:32:37", "status":400, "latency":"      212.7µs", "method":"POST", "path":"/activity-groups"}
{"pid":64236, "timestamp":"2023/Oct/14 17:32:37", "status":200, "latency":"   7.008399ms", "method":"PATCH", "path":"/activity-groups/11"}
{"pid":64236, "timestamp":"2023/Oct/14 17:32:37", "status":404, "latency":"   4.604793ms", "method":"PATCH", "path":"/activity-groups/999999999"}
{"pid":64236, "timestamp":"2023/Oct/14 17:32:37", "status":200, "latency":"   2.158929ms", "method":"GET", "path":"/activity-groups/11"}
{"pid":64236, "timestamp":"2023/Oct/14 17:32:37", "status":404, "latency":"    2.03812ms", "method":"GET", "path":"/activity-groups/999999999"}
{"pid":64236, "timestamp":"2023/Oct/14 17:32:37", "status":200, "latency":"   1.554941ms", "method":"GET", "path":"/activity-groups"}
{"pid":64236, "timestamp":"2023/Oct/14 17:32:37", "status":201, "latency":"   8.907401ms", "method":"POST", "path":"/todo-items"}
{"pid":64236, "timestamp":"2023/Oct/14 17:32:37", "status":400, "latency":"    129.228µs", "method":"POST", "path":"/todo-items"}
{"pid":64236, "timestamp":"2023/Oct/14 17:32:37", "status":400, "latency":"    113.465µs", "method":"POST", "path":"/todo-items"}
{"pid":64236, "timestamp":"2023/Oct/14 17:32:37", "status":200, "latency":"   6.914582ms", "method":"PATCH", "path":"/todo-items/21"}
{"pid":64236, "timestamp":"2023/Oct/14 17:32:37", "status":200, "latency":"   6.084363ms", "method":"PATCH", "path":"/todo-items/21"}
{"pid":64236, "timestamp":"2023/Oct/14 17:32:37", "status":500, "latency":"   1.580235ms", "method":"PATCH", "path":"/todo-items/999999999"}
{"pid":64236, "timestamp":"2023/Oct/14 17:32:37", "status":200, "latency":"    2.21781ms", "method":"GET", "path":"/todo-items/21"}
{"pid":64236, "timestamp":"2023/Oct/14 17:32:37", "status":404, "latency":"   2.529986ms", "method":"GET", "path":"/todo-items/999999999"}
{"pid":64236, "timestamp":"2023/Oct/14 17:32:37", "status":200, "latency":"   1.791225ms", "method":"GET", "path":"/todo-items"}
{"pid":64236, "timestamp":"2023/Oct/14 17:32:37", "status":200, "latency":"   2.209122ms", "method":"GET", "path":"/todo-items"}
{"pid":64236, "timestamp":"2023/Oct/14 17:32:37", "status":200, "latency":"   3.384374ms", "method":"DELETE", "path":"/todo-items/21"}
{"pid":64236, "timestamp":"2023/Oct/14 17:32:38", "status":500, "latency":"   1.354817ms", "method":"DELETE", "path":"/todo-items/999999999"}
{"pid":64236, "timestamp":"2023/Oct/14 17:32:38", "status":200, "latency":"   3.868118ms", "method":"DELETE", "path":"/activity-groups/11"}
{"pid":64236, "timestamp":"2023/Oct/14 17:32:38", "status":500, "latency":"     1.3189ms", "method":"DELETE", "path":"/activity-groups/999999999"}
{"pid":64440, "timestamp":"2023/Oct/14 17:34:11", "status":201, "latency":"   7.072542ms", "method":"POST", "path":"/activity-groups"}
{"pid":64440, "timestamp":"2023/Oct/14 17:34:11", "status":400, "latency":"    218.671µs", "method":"POST", "path":"/activity-groups"}
{"pid":64440, "timestamp":"2023/Oct/14 17:34:11", "status":200, "latency":"   7.377026ms", "method":"PATCH", "path":"/activity-groups/12"}
{"pid":64440, "timestamp":"2023/Oct/14 17:34:11", "status":404, "latency":"   3.525738ms", "method":"PATCH", "path":"/activity-groups/999999999"}
{"pid":64440, "timestamp":"2023/Oct/14 17:34:11", "status":200, "latency":"   2.063154ms", "method":"GET", "path":"/activity-groups/12"}
{"pid":64440, "timestamp":"2023/Oct/14 17:34:11", "status":404, "latency":"   2.886098ms", "method":"GET", "path":"/activity-groups/999999999"}
{"pid":64440, "timestamp":"2023/Oct/14 17:34:11", "status":200, "latency":"   1.871851ms", "method":"GET", "path":"/activity-groups"}
{"pid":64440, "timestamp":"2023/Oct/14 17:34:11", "status":201, "latency":"   8.184005ms", "method":"POST", "path":"/todo-items"}
{"pid":64440, "timestamp":"2023/Oct/14 17:34:11", "status":400, "latency":"    123.003µs", "method":"POST", "path":"/todo-items"}
{"pid":64440, "timestamp":"2023/Oct/14 17:34:11", "status":400, "latency":"    174.365µs", "method":"POST", "path":"/todo-items"}
{"pid":64440, "timestamp":"2023/Oct/14 17:34:11", "status":200, "latency":"    6.37181ms", "method":"PATCH", "path":"/todo-items/22"}
{"pid":64440, "timestamp":"2023/Oct/14 17:34:11", "status":200, "latency":"   8.680519ms", "method":"PATCH", "path":"/todo-items/22"}
{"pid":64440, "timestamp":"2023/Oct/14 17:34:11", "status":500, "latency":"   1.678348ms", "method":"PATCH", "path":"/todo-items/999999999"}
{"pid":64440, "timestamp":"2023/Oct/14 17:34:11", "status":200, "latency":"    2.39858ms", "method":"GET", "path":"/todo-items/22"}
{"pid":64440, "timestamp":"2023/Oct/14 17:34:11", "status":404, "latency":"    2.07506ms", "method":"GET", "path":"/todo-items/999999999"}
{"pid":64440, "timestamp":"2023/Oct/14 17:34:11", "status":200, "latency":"    1.49265ms", "method":"GET", "path":"/todo-items"}
{"pid":64440, "timestamp":"2023/Oct/14 17:34:11", "status":200, "latency":"   1.510611ms", "method":"GET", "path":"/todo-items"}
{"pid":64440, "timestamp":"2023/Oct/14 17:34:11", "status":200, "latency":"  11.129901ms", "method":"DELETE", "path":"/todo-items/22"}
{"pid":64440, "timestamp":"2023/Oct/14 17:34:11", "status":500, "latency":"   4.323211ms", "method":"DELETE", "path":"/todo-items/999999999"}
{"pid":64440, "timestamp":"2023/Oct/14 17:34:11", "status":200, "latency":"   4.442132ms", "method":"DELETE", "path":"/activity-groups/12"}
{"pid":64440, "timestamp":"2023/Oct/14 17:34:11", "status":500, "latency":"   1.406275ms", "method":"DELETE", "path":"/activity-groups/999999999"}
{"pid":64651, "timestamp":"2023/Oct/14 17:35:40", "status":201, "latency":"   7.119127ms", "method":"POST", "path":"/activity-groups"}
{"pid":64651, "timestamp":"2023/Oct/14 17:35:40", "status":400, "latency":"    171.773µs", "method":"POST", "path":"/activity-groups"}
{"pid":64651, "timestamp":"2023/Oct/14 17:35:40", "status":200, "latency":"   6.953918ms", "method":"PATCH", "path":"/activity-groups/13"}
{"pid":64651, "timestamp":"2023/Oct/14 17:35:40", "status":404, "latency":"   2.850936ms", "method":"PATCH", "path":"/activity-groups/999999999"}
{"pid":64651, "timestamp":"2023/Oct/14 17:35:40", "status":200, "latency":"   2.084464ms", "method":"GET", "path":"/activity-groups/13"}
{"pid":64651, "timestamp":"2023/Oct/14 17:35:40", "status":404, "latency":"   2.402679ms", "method":"GET", "path":"/activity-groups/999999999"}
{"pid":64651, "timestamp":"2023/Oct/14 17:35:40", "status":200, "latency":"   1.706993ms", "method":"GET", "path":"/activity-groups"}
{"pid":64651, "timestamp":"2023/Oct/14 17:35:40", "status":201, "latency":"   11.45757ms", "method":"POST", "path":"/todo-items"}
{"pid":64651, "timestamp":"2023/Oct/14 17:35:40", "status":400, "latency":"    192.422µs", "method":"POST", "path":"/todo-items"}
{"pid":64651, "timestamp":"2023/Oct/14 17:35:40", "status":400, "latency":"    144.831µs", "method":"POST", "path":"/todo-items"}
{"pid":64651, "timestamp":"2023/Oct/14 17:35:40", "status":200, "latency":"   8.892109ms", "method":"PATCH", "path":"/todo-items/23"}
{"pid":64651, "timestamp":"2023/Oct/14 17:35:40", "status":200, "latency":"   6.421483ms", "method":"PATCH", "path":"/todo-items/23"}
{"pid":64651, "timestamp":"2023/Oct/14 17:35:40", "status":500, "latency":"   1.479148ms", "method":"PATCH", "path":"/todo-items/999999999"}
{"pid":64651, "timestamp":"2023/Oct/14 17:35:40", "status":200, "latency":"   2.120414ms", "method":"GET", "path":"/todo-items/23"}
{"pid":64651, "timestamp":"2023/Oct/14 17:35:40", "status":404, "latency":"   2.347916ms", "method":"GET", "path":"/todo-items/999999999"}
{"pid":64651, "timestamp":"2023/Oct/14 17:35:40", "status":200, "latency":"   1.236476ms", "method":"GET", "path":"/todo-items"}
{"pid":64651, "timestamp":"2023/Oct/14 17:35:40", "status":200, "latency":"   2.210117ms", "method":"GET", "path":"/todo-items"}
{"pid":64651, "timestamp":"2023/Oct/14 17:35:40", "status":200, "latency":"   4.517979ms", "method":"DELETE", "path":"/todo-items/23"}
{"pid":64651, "timestamp":"2023/Oct/14 17:35:40", "status":500, "latency":"   3.014451ms", "method":"DELETE", "path":"/todo-items/999999999"}
{"pid":64651, "timestamp":"2023/Oct/14 17:35:40", "status":200, "latency":"   4.672692ms", "method":"DELETE", "path":"/activity-groups/13"}
{"pid":64651, "timestamp":"2023/Oct/14 17:35:40", "status":500, "latency":"   1.689073ms", "method":"DELETE", "path":"/activity-groups/999999999"}
{"pid":64651, "timestamp":"2023/Oct/14 17:35:52", "status":200, "latency":"   3.670213ms", "method":"GET", "path":"/activity-groups/1"}
{"pid":64651, "timestamp":"2023/Oct/14 17:35:56", "status":404, "latency":"    3.41866ms", "method":"GET", "path":"/activity-groups/11111"}
{"pid":64850, "timestamp":"2023/Oct/14 17:37:08", "status":201, "latency":"   7.958829ms", "method":"POST", "path":"/activity-groups"}
{"pid":64850, "timestamp":"2023/Oct/14 17:37:08", "status":400, "latency":"    224.772µs", "method":"POST", "path":"/activity-groups"}
{"pid":64850, "timestamp":"2023/Oct/14 17:37:08", "status":200, "latency":"   7.391605ms", "method":"PATCH", "path":"/activity-groups/14"}
{"pid":64850, "timestamp":"2023/Oct/14 17:37:08", "status":404, "latency":"   2.671157ms", "method":"PATCH", "path":"/activity-groups/999999999"}
{"pid":64850, "timestamp":"2023/Oct/14 17:37:08", "status":200, "latency":"    2.71509ms", "method":"GET", "path":"/activity-groups/14"}
{"pid":64850, "timestamp":"2023/Oct/14 17:37:08", "status":404, "latency":"   2.280328ms", "method":"GET", "path":"/activity-groups/999999999"}
{"pid":64850, "timestamp":"2023/Oct/14 17:37:08", "status":200, "latency":"   1.604097ms", "method":"GET", "path":"/activity-groups"}
{"pid":64850, "timestamp":"2023/Oct/14 17:37:08", "status":201, "latency":"  12.103937ms", "method":"POST", "path":"/todo-items"}
{"pid":64850, "timestamp":"2023/Oct/14 17:37:08", "status":400, "latency":"    170.679µs", "method":"POST", "path":"/todo-items"}
{"pid":64850, "timestamp":"2023/Oct/14 17:37:08", "status":400, "latency":"    127.694µs", "method":"POST", "path":"/todo-items"}
{"pid":64850, "timestamp":"2023/Oct/14 17:37:08", "status":200, "latency":"   7.563325ms", "method":"PATCH", "path":"/todo-items/24"}
{"pid":64850, "timestamp":"2023/Oct/14 17:37:08", "status":200, "latency":"   8.925585ms", "method":"PATCH", "path":"/todo-items/24"}
{"pid":64850, "timestamp":"2023/Oct/14 17:37:08", "status":500, "latency":"   1.644249ms", "method":"PATCH", "path":"/todo-items/999999999"}
{"pid":64850, "timestamp":"2023/Oct/14 17:37:08", "status":200, "latency":"    2.66806ms", "method":"GET", "path":"/todo-items/24"}
{"pid":64850, "timestamp":"2023/Oct/14 17:37:08", "status":404, "latency":"   3.209443ms", "method":"GET", "path":"/todo-items/999999999"}
{"pid":64850, "timestamp":"2023/Oct/14 17:37:08", "status":200, "latency":"   1.620888ms", "method":"GET", "path":"/todo-items"}
{"pid":64850, "timestamp":"2023/Oct/14 17:37:08", "status":200, "latency":"   2.554666ms", "method":"GET", "path":"/todo-items"}
{"pid":64850, "timestamp":"2023/Oct/14 17:37:08", "status":200, "latency":"   3.725899ms", "method":"DELETE", "path":"/todo-items/24"}
{"pid":64850, "timestamp":"2023/Oct/14 17:37:08", "status":500, "latency":"    1.56993ms", "method":"DELETE", "path":"/todo-items/999999999"}
{"pid":64850, "timestamp":"2023/Oct/14 17:37:08", "status":200, "latency":"   4.747856ms", "method":"DELETE", "path":"/activity-groups/14"}
{"pid":64850, "timestamp":"2023/Oct/14 17:37:08", "status":500, "latency":"   1.867749ms", "method":"DELETE", "path":"/activity-groups/999999999"}
{"pid":64850, "timestamp":"2023/Oct/14 17:38:39", "status":404, "latency":"   2.726845ms", "method":"GET", "path":"/activity-groups/11111"}
{"pid":65026, "timestamp":"2023/Oct/14 17:39:20", "status":404, "latency":"   5.099055ms", "method":"GET", "path":"/activity-groups/11111"}
{"pid":65413, "timestamp":"2023/Oct/14 17:42:28", "status":404, "latency":"   4.598707ms", "method":"GET", "path":"/activity-groups/11111"}
{"pid":67450, "timestamp":"2023/Oct/14 18:00:08", "status":400, "latency":"    317.048µs", "method":"POST", "path":"/activity-groups"}
{"pid":67450, "timestamp":"2023/Oct/14 18:01:50", "status":404, "latency":"   5.768059ms", "method":"GET", "path":"/activity-groups/11111"}
{"pid":67844, "timestamp":"2023/Oct/14 18:02:48", "status":404, "latency":"   4.460037ms", "method":"GET", "path":"/activity-groups/11111"}
{"pid":68017, "timestamp":"2023/Oct/14 18:03:48", "status":404, "latency":"   2.502239ms", "method":"GET", "path":"/activity-groups/11111"}
